<?xml version="1.0" encoding="UTF-8"?>
<testsuite name="ru.stqa.pft.addressbook.tests.ContactDeletionTests" tests="1" skipped="0" failures="0" errors="0" timestamp="2019-01-23T09:56:46" hostname="ws129" time="6.21">
  <properties/>
  <testcase name="contactDeletionTests" classname="ru.stqa.pft.addressbook.tests.ContactDeletionTests" time="6.21"/>
  <system-out><![CDATA[]]></system-out>
  <system-err><![CDATA[]]></system-err>
</testsuite>
