<?xml version="1.0" encoding="UTF-8"?>
<testsuite name="ru.stqa.pft.addressbook.tests.ContactModificationTests" tests="1" skipped="0" failures="0" errors="0" timestamp="2019-01-23T09:56:54" hostname="ws129" time="7.155">
  <properties/>
  <testcase name="ContactModification" classname="ru.stqa.pft.addressbook.tests.ContactModificationTests" time="7.155"/>
  <system-out><![CDATA[]]></system-out>
  <system-err><![CDATA[]]></system-err>
</testsuite>
